2025-05-28 13:15:28,418 - INFO - Starting safe data fetch...
2025-05-28 13:15:28,418 - INFO - Robust background worker started
2025-05-28 13:15:53,932 - INFO - Successfully fetched data for 100 symbols
2025-05-28 13:16:04,713 - INFO - Successfully predicted profits for 74 stocks
2025-05-28 13:16:24,725 - INFO - Starting safe data fetch...
2025-05-28 13:16:48,281 - INFO - Successfully fetched data for 100 symbols
2025-05-28 13:16:58,415 - INFO - Successfully predicted profits for 74 stocks
2025-05-28 13:17:18,423 - INFO - Starting safe data fetch...
2025-05-28 13:17:36,312 - INFO - Successfully fetched data for 100 symbols
2025-05-28 13:17:46,362 - INFO - Successfully predicted profits for 74 stocks
2025-05-28 13:18:06,376 - INFO - Starting safe data fetch...
2025-05-28 13:18:26,863 - INFO - Successfully fetched data for 100 symbols
2025-05-28 13:18:36,912 - INFO - Successfully predicted profits for 74 stocks
2025-05-28 13:18:56,927 - INFO - Starting safe data fetch...
2025-05-28 13:19:11,740 - INFO - Successfully fetched data for 100 symbols
2025-05-28 13:19:21,875 - INFO - Successfully predicted profits for 74 stocks
2025-05-28 13:19:41,889 - INFO - Starting safe data fetch...
2025-05-28 13:19:57,050 - INFO - Starting safe data fetch...
2025-05-28 13:19:57,050 - INFO - Robust background worker started
2025-05-28 13:19:57,509 - WARNING - Sleeping for 0s due to 1 consecutive errors
2025-05-28 13:19:57,509 - INFO - Robust background worker started
2025-05-28 13:19:57,510 - WARNING - Sleeping for 0s due to 2 consecutive errors
2025-05-28 13:19:57,511 - WARNING - Sleeping for 0s due to 3 consecutive errors
2025-05-28 13:19:57,511 - WARNING - Sleeping for 0s due to 4 consecutive errors
2025-05-28 13:19:57,511 - WARNING - Sleeping for 0s due to 5 consecutive errors
2025-05-28 13:19:57,513 - CRITICAL - Too many consecutive errors, stopping background worker
2025-05-28 13:20:02,694 - ERROR - UI Error: Background worker stopped due to repeated failures
2025-05-28 13:20:16,667 - INFO - Successfully fetched data for 100 symbols
2025-05-28 13:20:26,937 - INFO - Successfully predicted profits for 74 stocks
2025-05-28 13:20:26,938 - INFO - Starting safe data fetch...
2025-05-28 13:20:50,353 - INFO - Successfully fetched data for 100 symbols
2025-05-28 13:21:00,378 - INFO - Successfully predicted profits for 74 stocks
2025-05-28 13:21:00,379 - INFO - Starting safe data fetch...
2025-05-28 13:21:15,953 - INFO - Successfully fetched data for 100 symbols
2025-05-28 13:21:25,989 - INFO - Successfully predicted profits for 74 stocks
2025-05-28 13:21:25,990 - INFO - Starting safe data fetch...
2025-05-28 13:21:40,830 - INFO - Successfully fetched data for 100 symbols
2025-05-28 13:21:50,864 - INFO - Successfully predicted profits for 74 stocks
2025-05-28 13:21:50,867 - INFO - Starting safe data fetch...
2025-05-28 13:22:06,138 - INFO - Successfully fetched data for 100 symbols
2025-05-28 13:22:16,173 - INFO - Successfully predicted profits for 74 stocks
2025-05-28 13:22:16,174 - INFO - Starting safe data fetch...
2025-05-28 13:22:36,541 - INFO - Successfully fetched data for 100 symbols
2025-05-28 13:22:46,582 - INFO - Successfully predicted profits for 74 stocks
2025-05-28 13:22:46,583 - INFO - Starting safe data fetch...
2025-05-28 13:23:02,444 - INFO - Successfully fetched data for 100 symbols
2025-05-28 13:25:34,153 - INFO - Starting safe data fetch...
2025-05-28 13:25:34,153 - INFO - Robust background worker started
2025-05-28 13:25:34,780 - WARNING - Sleeping for 0s due to 1 consecutive errors
2025-05-28 13:25:34,781 - INFO - Robust background worker started
2025-05-28 13:25:34,781 - WARNING - Sleeping for 0s due to 2 consecutive errors
2025-05-28 13:25:34,782 - WARNING - Sleeping for 0s due to 3 consecutive errors
2025-05-28 13:25:34,783 - WARNING - Sleeping for 0s due to 4 consecutive errors
2025-05-28 13:25:34,783 - WARNING - Sleeping for 0s due to 5 consecutive errors
2025-05-28 13:25:34,784 - CRITICAL - Too many consecutive errors, stopping background worker
2025-05-28 13:25:34,785 - ERROR - UI Error: Background worker stopped due to repeated failures
2025-05-28 13:25:57,065 - INFO - Successfully fetched data for 200 symbols
2025-05-28 13:26:08,025 - INFO - Successfully predicted profits for 146 stocks
2025-05-28 13:26:08,026 - INFO - Starting safe data fetch...
2025-05-28 13:26:46,305 - INFO - Successfully fetched data for 200 symbols
2025-05-28 13:26:56,335 - INFO - Successfully predicted profits for 149 stocks
2025-05-28 13:26:56,337 - INFO - Starting safe data fetch...
2025-05-28 13:27:35,654 - INFO - Successfully fetched data for 200 symbols
2025-05-28 13:27:45,690 - INFO - Successfully predicted profits for 148 stocks
2025-05-28 13:27:45,692 - INFO - Starting safe data fetch...
2025-05-28 13:28:18,864 - INFO - Successfully fetched data for 200 symbols
2025-05-28 13:31:50,097 - INFO - Starting safe data fetch...
2025-05-28 13:31:50,097 - INFO - Robust background worker started
2025-05-28 13:32:03,987 - WARNING - Sleeping for 0s due to 1 consecutive errors
2025-05-28 13:32:03,992 - INFO - Robust background worker started
2025-05-28 13:32:03,999 - WARNING - Sleeping for 0s due to 2 consecutive errors
2025-05-28 13:32:04,020 - WARNING - Sleeping for 0s due to 3 consecutive errors
2025-05-28 13:32:04,046 - WARNING - Sleeping for 0s due to 4 consecutive errors
2025-05-28 13:32:04,060 - WARNING - Sleeping for 0s due to 5 consecutive errors
2025-05-28 13:32:04,089 - CRITICAL - Too many consecutive errors, stopping background worker
2025-05-28 13:32:06,544 - ERROR - UI Error: Background worker stopped due to repeated failures
2025-05-28 13:32:12,905 - INFO - Successfully fetched data for 100 symbols
2025-05-28 13:32:23,810 - INFO - Successfully predicted profits for 72 stocks
2025-05-28 13:32:23,810 - INFO - Starting safe data fetch...
2025-05-28 13:32:43,117 - INFO - Successfully fetched data for 100 symbols
2025-05-28 13:32:53,153 - INFO - Successfully predicted profits for 76 stocks
2025-05-28 13:32:53,155 - INFO - Starting safe data fetch...
2025-05-28 13:33:14,898 - INFO - Successfully fetched data for 100 symbols
2025-05-28 13:33:24,929 - INFO - Successfully predicted profits for 70 stocks
2025-05-28 13:33:24,930 - INFO - Starting safe data fetch...
2025-05-28 13:33:40,571 - INFO - Successfully fetched data for 100 symbols
2025-05-28 13:33:50,613 - INFO - Successfully predicted profits for 69 stocks
2025-05-28 13:33:50,615 - INFO - Starting safe data fetch...
2025-05-28 13:34:09,474 - INFO - Successfully fetched data for 100 symbols
2025-05-28 13:34:19,502 - INFO - Successfully predicted profits for 69 stocks
2025-05-28 13:34:19,505 - INFO - Starting safe data fetch...
2025-05-28 13:34:39,760 - INFO - Successfully fetched data for 100 symbols
2025-05-28 13:34:49,804 - INFO - Successfully predicted profits for 81 stocks
2025-05-28 13:34:49,805 - INFO - Starting safe data fetch...
2025-05-28 13:35:11,634 - INFO - Successfully fetched data for 100 symbols
2025-05-28 13:35:21,677 - INFO - Successfully predicted profits for 76 stocks
2025-05-28 13:35:21,679 - INFO - Starting safe data fetch...
2025-05-28 13:35:47,892 - INFO - Successfully fetched data for 100 symbols
2025-05-28 13:35:57,937 - INFO - Successfully predicted profits for 77 stocks
2025-05-28 13:35:57,938 - INFO - Starting safe data fetch...
2025-05-28 13:36:18,325 - INFO - Successfully fetched data for 100 symbols
2025-05-28 13:36:28,368 - INFO - Successfully predicted profits for 66 stocks
2025-05-28 13:36:28,369 - INFO - Starting safe data fetch...
2025-05-28 13:36:49,017 - INFO - Successfully fetched data for 100 symbols
2025-05-28 13:36:59,053 - INFO - Successfully predicted profits for 77 stocks
2025-05-28 13:36:59,054 - INFO - Starting safe data fetch...
2025-05-28 13:37:13,354 - INFO - Successfully fetched data for 100 symbols
2025-05-28 13:37:23,393 - INFO - Successfully predicted profits for 69 stocks
2025-05-28 13:37:23,395 - INFO - Starting safe data fetch...
2025-05-28 13:37:42,161 - INFO - Successfully fetched data for 100 symbols
2025-05-28 13:37:52,203 - INFO - Successfully predicted profits for 65 stocks
2025-05-28 13:37:52,205 - INFO - Starting safe data fetch...
2025-05-28 13:38:09,517 - INFO - Successfully fetched data for 100 symbols
2025-05-28 13:38:19,560 - INFO - Successfully predicted profits for 77 stocks
2025-05-28 13:38:19,561 - INFO - Starting safe data fetch...
2025-05-28 13:38:41,245 - INFO - Successfully fetched data for 100 symbols
2025-05-28 13:38:51,396 - INFO - Successfully predicted profits for 75 stocks
2025-05-28 13:38:51,401 - INFO - Starting safe data fetch...
2025-05-28 13:39:10,536 - INFO - Successfully fetched data for 100 symbols
2025-05-28 13:39:20,561 - INFO - Successfully predicted profits for 74 stocks
2025-05-28 13:39:20,561 - INFO - Starting safe data fetch...
2025-05-28 13:39:35,995 - INFO - Starting safe data fetch...
2025-05-28 13:39:35,997 - INFO - Robust background worker started
2025-05-28 13:39:35,998 - WARNING - Sleeping for 0s due to 1 consecutive errors
2025-05-28 13:39:35,998 - INFO - Robust background worker started
2025-05-28 13:39:36,000 - WARNING - Sleeping for 0s due to 2 consecutive errors
2025-05-28 13:39:36,004 - WARNING - Sleeping for 0s due to 3 consecutive errors
2025-05-28 13:39:36,006 - WARNING - Sleeping for 0s due to 4 consecutive errors
2025-05-28 13:39:36,014 - WARNING - Sleeping for 0s due to 5 consecutive errors
2025-05-28 13:39:36,019 - CRITICAL - Too many consecutive errors, stopping background worker
2025-05-28 13:39:36,705 - WARNING - Sleeping for 0s due to 1 consecutive errors
2025-05-28 13:39:36,706 - INFO - Robust background worker started
2025-05-28 13:39:36,708 - WARNING - Sleeping for 0s due to 2 consecutive errors
2025-05-28 13:39:36,711 - WARNING - Sleeping for 0s due to 3 consecutive errors
2025-05-28 13:39:36,713 - WARNING - Sleeping for 0s due to 4 consecutive errors
2025-05-28 13:39:36,718 - ERROR - UI Error: Background worker stopped due to repeated failures
2025-05-28 13:39:36,718 - WARNING - Sleeping for 0s due to 5 consecutive errors
2025-05-28 13:39:36,724 - CRITICAL - Too many consecutive errors, stopping background worker
2025-05-28 13:39:41,274 - ERROR - UI Error: Background worker stopped due to repeated failures
2025-05-28 13:39:54,079 - INFO - Successfully fetched data for 100 symbols
2025-05-28 13:40:04,902 - INFO - Successfully predicted profits for 69 stocks
2025-05-28 13:40:04,902 - INFO - Starting safe data fetch...
2025-05-28 13:40:40,343 - INFO - Successfully fetched data for 100 symbols
2025-05-28 13:40:50,378 - INFO - Successfully predicted profits for 67 stocks
2025-05-28 13:40:50,379 - INFO - Starting safe data fetch...
2025-05-28 13:41:08,491 - INFO - Successfully fetched data for 100 symbols
2025-05-28 13:41:18,531 - INFO - Successfully predicted profits for 83 stocks
2025-05-28 13:41:18,533 - INFO - Starting safe data fetch...
2025-05-28 13:44:06,390 - INFO - Starting safe data fetch...
2025-05-28 13:44:06,390 - INFO - Robust background worker started
2025-05-28 13:44:34,326 - INFO - Successfully fetched data for 100 symbols
2025-05-28 13:44:45,403 - INFO - Successfully predicted profits for 75 stocks
2025-05-28 13:44:45,406 - INFO - Starting safe data fetch...
2025-05-28 13:45:06,094 - INFO - Successfully fetched data for 100 symbols
2025-05-28 13:45:16,135 - INFO - Successfully predicted profits for 62 stocks
2025-05-28 13:45:16,137 - INFO - Starting safe data fetch...
2025-05-28 13:45:34,122 - INFO - Successfully fetched data for 100 symbols
2025-05-28 13:45:44,166 - INFO - Successfully predicted profits for 66 stocks
2025-05-28 13:45:44,167 - INFO - Starting safe data fetch...
2025-05-28 13:45:59,559 - INFO - Successfully fetched data for 100 symbols
2025-05-28 13:46:09,601 - INFO - Successfully predicted profits for 74 stocks
2025-05-28 13:46:09,603 - INFO - Starting safe data fetch...
2025-05-28 13:46:27,884 - INFO - Successfully fetched data for 100 symbols
2025-05-28 13:46:37,919 - INFO - Successfully predicted profits for 80 stocks
2025-05-28 13:46:37,921 - INFO - Starting safe data fetch...
2025-05-28 13:46:59,320 - INFO - Successfully fetched data for 100 symbols
2025-05-28 13:47:09,367 - INFO - Successfully predicted profits for 66 stocks
2025-05-28 13:47:09,370 - INFO - Starting safe data fetch...
2025-05-28 13:47:29,206 - INFO - Successfully fetched data for 100 symbols
2025-05-28 13:47:39,242 - INFO - Successfully predicted profits for 71 stocks
2025-05-28 13:47:39,243 - INFO - Starting safe data fetch...
2025-05-28 13:47:54,926 - INFO - Successfully fetched data for 100 symbols
2025-05-28 13:48:04,956 - INFO - Successfully predicted profits for 78 stocks
2025-05-28 13:48:04,957 - INFO - Starting safe data fetch...
2025-05-28 13:48:38,133 - INFO - Successfully fetched data for 100 symbols
2025-05-28 13:48:48,168 - INFO - Successfully predicted profits for 77 stocks
2025-05-28 13:48:48,169 - INFO - Starting safe data fetch...
2025-05-28 13:49:04,450 - INFO - Successfully fetched data for 100 symbols
2025-05-28 13:49:14,489 - INFO - Successfully predicted profits for 80 stocks
2025-05-28 13:49:14,490 - INFO - Starting safe data fetch...
2025-05-28 13:49:30,831 - INFO - Successfully fetched data for 100 symbols
2025-05-28 13:49:40,878 - INFO - Successfully predicted profits for 75 stocks
2025-05-28 13:49:40,880 - INFO - Starting safe data fetch...
2025-05-28 13:50:00,818 - INFO - Successfully fetched data for 100 symbols
2025-05-28 13:50:10,847 - INFO - Successfully predicted profits for 75 stocks
2025-05-28 13:50:10,848 - INFO - Starting safe data fetch...
2025-05-28 13:50:31,762 - INFO - Successfully fetched data for 100 symbols
2025-05-28 13:50:41,906 - INFO - Successfully predicted profits for 72 stocks
2025-05-28 13:50:41,908 - INFO - Starting safe data fetch...
2025-05-28 13:55:48,319 - INFO - Starting safe data fetch...
2025-05-28 13:55:48,320 - INFO - Robust background worker started
2025-05-28 13:56:00,727 - WARNING - Sleeping for 0s due to 1 consecutive errors
2025-05-28 13:56:00,728 - INFO - Robust background worker started
2025-05-28 13:56:00,728 - WARNING - Sleeping for 0s due to 2 consecutive errors
2025-05-28 13:56:00,729 - WARNING - Sleeping for 0s due to 3 consecutive errors
2025-05-28 13:56:00,730 - WARNING - Sleeping for 0s due to 4 consecutive errors
2025-05-28 13:56:00,732 - WARNING - Sleeping for 0s due to 5 consecutive errors
2025-05-28 13:56:00,734 - CRITICAL - Too many consecutive errors, stopping background worker
2025-05-28 13:56:04,392 - ERROR - UI Error: Background worker stopped due to repeated failures
2025-05-28 13:56:11,830 - INFO - Successfully fetched data for 100 symbols
2025-05-28 13:56:23,027 - INFO - Successfully predicted profits for 65 stocks
2025-05-28 13:56:23,036 - INFO - Starting safe data fetch...
2025-05-28 13:56:39,360 - INFO - Successfully fetched data for 100 symbols
2025-05-28 13:56:53,509 - INFO - Starting safe data fetch...
2025-05-28 13:56:53,510 - INFO - Robust background worker started
2025-05-28 13:56:53,511 - WARNING - Sleeping for 0s due to 1 consecutive errors
2025-05-28 13:56:53,513 - INFO - Robust background worker started
2025-05-28 13:56:53,514 - WARNING - Sleeping for 0s due to 2 consecutive errors
2025-05-28 13:56:53,516 - WARNING - Sleeping for 0s due to 3 consecutive errors
2025-05-28 13:56:53,519 - WARNING - Sleeping for 0s due to 4 consecutive errors
2025-05-28 13:56:53,521 - WARNING - Sleeping for 0s due to 5 consecutive errors
2025-05-28 13:56:53,523 - CRITICAL - Too many consecutive errors, stopping background worker
2025-05-28 13:56:54,111 - WARNING - Sleeping for 0s due to 1 consecutive errors
2025-05-28 13:56:54,111 - INFO - Robust background worker started
2025-05-28 13:56:54,111 - WARNING - Sleeping for 0s due to 2 consecutive errors
2025-05-28 13:56:54,114 - WARNING - Sleeping for 0s due to 3 consecutive errors
2025-05-28 13:56:54,115 - WARNING - Sleeping for 0s due to 4 consecutive errors
2025-05-28 13:56:54,116 - ERROR - UI Error: Background worker stopped due to repeated failures
2025-05-28 13:56:54,116 - WARNING - Sleeping for 0s due to 5 consecutive errors
2025-05-28 13:56:54,118 - CRITICAL - Too many consecutive errors, stopping background worker
2025-05-28 13:56:59,088 - ERROR - UI Error: Background worker stopped due to repeated failures
2025-05-28 13:57:11,380 - ERROR - Empty data file detected
2025-05-28 13:57:11,386 - INFO - Successfully fetched data for 100 symbols
2025-05-28 13:57:22,845 - INFO - Successfully predicted profits for 70 stocks
2025-05-28 13:57:22,850 - INFO - Starting safe data fetch...
2025-05-28 13:57:43,752 - INFO - Successfully fetched data for 100 symbols
2025-05-28 13:57:53,791 - INFO - Successfully predicted profits for 70 stocks
2025-05-28 13:57:53,793 - INFO - Starting safe data fetch...
2025-05-28 13:58:17,208 - INFO - Successfully fetched data for 100 symbols
2025-05-28 13:58:27,251 - INFO - Successfully predicted profits for 78 stocks
2025-05-28 13:58:27,252 - INFO - Starting safe data fetch...
2025-05-28 13:58:49,629 - INFO - Successfully fetched data for 100 symbols
2025-05-28 13:58:59,678 - INFO - Successfully predicted profits for 68 stocks
2025-05-28 13:58:59,680 - INFO - Starting safe data fetch...
2025-05-28 13:59:34,476 - INFO - Successfully fetched data for 100 symbols
2025-05-28 13:59:44,669 - INFO - Successfully predicted profits for 73 stocks
2025-05-28 13:59:44,676 - INFO - Starting safe data fetch...
2025-05-28 14:00:07,678 - INFO - Successfully fetched data for 100 symbols
2025-05-28 14:00:17,728 - INFO - Successfully predicted profits for 67 stocks
2025-05-28 14:00:17,729 - INFO - Starting safe data fetch...
2025-05-28 14:00:42,128 - INFO - Successfully fetched data for 100 symbols
2025-05-28 14:00:52,176 - INFO - Successfully predicted profits for 72 stocks
2025-05-28 14:00:52,178 - INFO - Starting safe data fetch...
2025-05-28 14:01:14,865 - ERROR - Empty data file detected
2025-05-28 14:01:14,871 - INFO - Successfully fetched data for 100 symbols
2025-05-28 14:01:24,912 - INFO - Successfully predicted profits for 76 stocks
2025-05-28 14:01:24,914 - INFO - Starting safe data fetch...
2025-05-28 14:01:46,178 - INFO - Successfully fetched data for 100 symbols
2025-05-28 14:01:56,213 - INFO - Successfully predicted profits for 68 stocks
2025-05-28 14:01:56,220 - INFO - Starting safe data fetch...
2025-05-28 14:50:52,820 - INFO - Starting safe data fetch...
2025-05-28 14:50:52,820 - INFO - Robust background worker started
2025-05-28 14:51:08,311 - INFO - Successfully fetched data for 100 symbols
2025-05-28 14:51:18,653 - INFO - Successfully predicted profits for 71 stocks
2025-05-28 14:51:18,653 - INFO - Starting safe data fetch...
2025-05-28 14:51:37,310 - INFO - Successfully fetched data for 100 symbols
2025-05-28 14:51:47,322 - INFO - Successfully predicted profits for 67 stocks
2025-05-28 14:51:47,322 - INFO - Starting safe data fetch...
2025-05-28 14:52:06,231 - INFO - Successfully fetched data for 100 symbols
2025-05-28 14:52:16,290 - INFO - Successfully predicted profits for 78 stocks
2025-05-28 14:52:16,292 - INFO - Starting safe data fetch...
2025-05-28 14:52:30,946 - INFO - Successfully fetched data for 100 symbols
2025-05-28 14:52:40,987 - INFO - Successfully predicted profits for 71 stocks
2025-05-28 14:52:40,988 - INFO - Starting safe data fetch...
2025-05-28 14:52:54,445 - INFO - Successfully fetched data for 100 symbols
2025-05-28 14:53:04,508 - INFO - Successfully predicted profits for 75 stocks
2025-05-28 14:53:04,509 - INFO - Starting safe data fetch...
2025-05-28 14:53:26,307 - INFO - Successfully fetched data for 100 symbols
2025-05-28 14:53:36,365 - INFO - Successfully predicted profits for 74 stocks
2025-05-28 14:53:36,366 - INFO - Starting safe data fetch...
2025-05-28 14:53:49,193 - INFO - Starting safe data fetch...
2025-05-28 14:53:49,193 - INFO - Robust background worker started
2025-05-28 14:53:49,638 - WARNING - Sleeping for 0s due to 1 consecutive errors
2025-05-28 14:53:49,638 - INFO - Robust background worker started
2025-05-28 14:53:49,638 - WARNING - Sleeping for 0s due to 2 consecutive errors
2025-05-28 14:53:49,639 - WARNING - Sleeping for 0s due to 3 consecutive errors
2025-05-28 14:53:49,640 - WARNING - Sleeping for 0s due to 4 consecutive errors
2025-05-28 14:53:49,640 - WARNING - Sleeping for 0s due to 5 consecutive errors
2025-05-28 14:53:49,643 - CRITICAL - Too many consecutive errors, stopping background worker
2025-05-28 14:53:54,713 - ERROR - UI Error: Background worker stopped due to repeated failures
2025-05-28 14:54:04,635 - INFO - Successfully fetched data for 100 symbols
2025-05-28 14:54:14,880 - INFO - Successfully predicted profits for 77 stocks
2025-05-28 14:54:14,881 - INFO - Starting safe data fetch...
2025-05-28 14:54:35,944 - INFO - Successfully fetched data for 100 symbols
2025-05-28 14:54:45,971 - INFO - Successfully predicted profits for 79 stocks
2025-05-28 14:54:45,971 - INFO - Starting safe data fetch...
2025-05-28 14:55:08,800 - INFO - Successfully fetched data for 100 symbols
2025-05-28 14:55:18,818 - INFO - Successfully predicted profits for 75 stocks
2025-05-28 14:55:18,818 - INFO - Starting safe data fetch...
2025-05-28 14:55:36,829 - INFO - Successfully fetched data for 100 symbols
2025-05-28 14:55:46,844 - INFO - Successfully predicted profits for 78 stocks
2025-05-28 14:55:46,844 - INFO - Starting safe data fetch...
2025-05-28 14:56:01,709 - INFO - Successfully fetched data for 100 symbols
2025-05-28 14:56:11,752 - INFO - Successfully predicted profits for 79 stocks
2025-05-28 14:56:11,753 - INFO - Starting safe data fetch...
2025-05-28 14:56:27,058 - INFO - Successfully fetched data for 100 symbols
2025-05-28 14:56:37,079 - INFO - Successfully predicted profits for 82 stocks
2025-05-28 14:56:37,079 - INFO - Starting safe data fetch...
2025-05-28 14:56:56,563 - INFO - Successfully fetched data for 100 symbols
2025-05-28 14:57:06,601 - INFO - Successfully predicted profits for 68 stocks
2025-05-28 14:57:06,602 - INFO - Starting safe data fetch...
2025-05-28 14:57:24,946 - INFO - Successfully fetched data for 100 symbols
2025-05-28 14:57:34,963 - INFO - Successfully predicted profits for 76 stocks
2025-05-28 14:57:34,964 - INFO - Starting safe data fetch...
2025-05-28 14:57:48,686 - INFO - Successfully fetched data for 100 symbols
2025-05-28 14:57:58,706 - INFO - Successfully predicted profits for 75 stocks
2025-05-28 14:57:58,706 - INFO - Starting safe data fetch...
2025-05-28 14:58:07,668 - INFO - Starting safe data fetch...
2025-05-28 14:58:07,669 - INFO - Robust background worker started
2025-05-28 14:58:08,096 - WARNING - Sleeping for 0s due to 1 consecutive errors
2025-05-28 14:58:08,096 - INFO - Robust background worker started
2025-05-28 14:58:08,096 - WARNING - Sleeping for 0s due to 2 consecutive errors
2025-05-28 14:58:08,097 - WARNING - Sleeping for 0s due to 3 consecutive errors
2025-05-28 14:58:08,098 - WARNING - Sleeping for 0s due to 4 consecutive errors
2025-05-28 14:58:08,098 - WARNING - Sleeping for 0s due to 5 consecutive errors
2025-05-28 14:58:08,098 - CRITICAL - Too many consecutive errors, stopping background worker
2025-05-28 14:58:12,746 - ERROR - UI Error: Background worker stopped due to repeated failures
2025-05-28 14:58:26,149 - INFO - Successfully fetched data for 100 symbols
